<?xml version="1.0" encoding="UTF-8"?>
<!-- Generated by org.testng.reporters.JUnitReportReporter -->
<testsuite skipped="0" hostname="MUNTASIR-PC" name="com.openCart.testcase.TC_DD_Login_003" tests="1" failures="0" timestamp="2021-06-12T00:18:30 BDT" time="29.859" errors="0">
  <testcase name="loginTest" time="29.859" classname="com.openCart.testcase.TC_DD_Login_003"/>
  <system-out/>
</testsuite> <!-- com.openCart.testcase.TC_DD_Login_003 -->
